/Users/nishantsaxena/workspace/wscs_bedrock/kb_doc_replica_amazon/backend/.venv/lib/python3.13/site-packages/pydantic/_internal/_generate_schema.py:661: ArbitraryTypeWarning: <built-in function any> is not a Python type (it may be an instance of an object), Pydantic will allow any object with no validation since we cannot even enforce that the input is an instance of the given type. To get rid of this error wrap the type with `pydantic.SkipValidation`.
  warnings.warn(
INFO:     Will watch for changes in these directories: ['/Users/nishantsaxena/workspace/wscs_bedrock/kb_doc_replica_amazon/backend']
INFO:     Uvicorn running on http://0.0.0.0:8000 (Press CTRL+C to quit)
INFO:     Started reloader process [24441] using StatReload
/Users/nishantsaxena/workspace/wscs_bedrock/kb_doc_replica_amazon/backend/.venv/lib/python3.13/site-packages/pydantic/_internal/_generate_schema.py:661: ArbitraryTypeWarning: <built-in function any> is not a Python type (it may be an instance of an object), Pydantic will allow any object with no validation since we cannot even enforce that the input is an instance of the given type. To get rid of this error wrap the type with `pydantic.SkipValidation`.
  warnings.warn(
INFO:     Started server process [24479]
INFO:     Waiting for application startup.
INFO:     Application startup complete.
INFO:     127.0.0.1:61860 - "GET /api/config HTTP/1.1" 200 OK
INFO:     127.0.0.1:61861 - "GET /api/kbs HTTP/1.1" 200 OK
INFO:     127.0.0.1:61862 - "GET /api/config HTTP/1.1" 200 OK
INFO:     127.0.0.1:61863 - "GET /api/kbs HTTP/1.1" 200 OK
Generating navigation tree from filesystem walker for doc_replica_notes...
INFO:     127.0.0.1:61866 - "GET /api/kbs/doc_replica_notes/navigation HTTP/1.1" 200 OK
INFO:     127.0.0.1:61869 - "GET /api/kbs/doc_replica_notes/document?path=Welcome.md HTTP/1.1" 200 OK
INFO:     127.0.0.1:61882 - "GET /api/config HTTP/1.1" 200 OK
INFO:     127.0.0.1:61883 - "GET /api/kbs HTTP/1.1" 200 OK
INFO:     127.0.0.1:61886 - "GET /api/config HTTP/1.1" 200 OK
INFO:     127.0.0.1:61887 - "GET /api/kbs HTTP/1.1" 200 OK
Generating navigation tree from filesystem walker for doc_replica_notes...
INFO:     127.0.0.1:61890 - "GET /api/kbs/doc_replica_notes/navigation HTTP/1.1" 200 OK
INFO:     127.0.0.1:61893 - "GET /api/kbs/doc_replica_notes/document?path=Welcome.md HTTP/1.1" 200 OK
WARNING:  StatReload detected changes in 'app.py'. Reloading...
INFO:     Shutting down
INFO:     Waiting for application shutdown.
INFO:     Application shutdown complete.
INFO:     Finished server process [24479]
/Users/nishantsaxena/workspace/wscs_bedrock/kb_doc_replica_amazon/backend/.venv/lib/python3.13/site-packages/pydantic/_internal/_generate_schema.py:661: ArbitraryTypeWarning: <built-in function any> is not a Python type (it may be an instance of an object), Pydantic will allow any object with no validation since we cannot even enforce that the input is an instance of the given type. To get rid of this error wrap the type with `pydantic.SkipValidation`.
  warnings.warn(
INFO:     Started server process [24495]
INFO:     Waiting for application startup.
INFO:     Application startup complete.
WARNING:  StatReload detected changes in 'app.py'. Reloading...
INFO:     Shutting down
INFO:     Waiting for application shutdown.
INFO:     Application shutdown complete.
INFO:     Finished server process [24495]
/Users/nishantsaxena/workspace/wscs_bedrock/kb_doc_replica_amazon/backend/.venv/lib/python3.13/site-packages/pydantic/_internal/_generate_schema.py:661: ArbitraryTypeWarning: <built-in function any> is not a Python type (it may be an instance of an object), Pydantic will allow any object with no validation since we cannot even enforce that the input is an instance of the given type. To get rid of this error wrap the type with `pydantic.SkipValidation`.
  warnings.warn(
INFO:     Started server process [24524]
INFO:     Waiting for application startup.
INFO:     Application startup complete.
WARNING:  StatReload detected changes in 'app.py'. Reloading...
INFO:     Shutting down
INFO:     Waiting for application shutdown.
INFO:     Application shutdown complete.
INFO:     Finished server process [24524]
/Users/nishantsaxena/workspace/wscs_bedrock/kb_doc_replica_amazon/backend/.venv/lib/python3.13/site-packages/pydantic/_internal/_generate_schema.py:661: ArbitraryTypeWarning: <built-in function any> is not a Python type (it may be an instance of an object), Pydantic will allow any object with no validation since we cannot even enforce that the input is an instance of the given type. To get rid of this error wrap the type with `pydantic.SkipValidation`.
  warnings.warn(
INFO:     Started server process [25041]
INFO:     Waiting for application startup.
INFO:     Application startup complete.
WARNING:  StatReload detected changes in 'app.py'. Reloading...
INFO:     Shutting down
INFO:     Waiting for application shutdown.
INFO:     Application shutdown complete.
INFO:     Finished server process [25041]
/Users/nishantsaxena/workspace/wscs_bedrock/kb_doc_replica_amazon/backend/.venv/lib/python3.13/site-packages/pydantic/_internal/_generate_schema.py:661: ArbitraryTypeWarning: <built-in function any> is not a Python type (it may be an instance of an object), Pydantic will allow any object with no validation since we cannot even enforce that the input is an instance of the given type. To get rid of this error wrap the type with `pydantic.SkipValidation`.
  warnings.warn(
INFO:     Started server process [26931]
INFO:     Waiting for application startup.
INFO:     Application startup complete.
WARNING:  StatReload detected changes in 'app.py'. Reloading...
INFO:     Shutting down
INFO:     Waiting for application shutdown.
INFO:     Application shutdown complete.
INFO:     Finished server process [26931]
/Users/nishantsaxena/workspace/wscs_bedrock/kb_doc_replica_amazon/backend/.venv/lib/python3.13/site-packages/pydantic/_internal/_generate_schema.py:661: ArbitraryTypeWarning: <built-in function any> is not a Python type (it may be an instance of an object), Pydantic will allow any object with no validation since we cannot even enforce that the input is an instance of the given type. To get rid of this error wrap the type with `pydantic.SkipValidation`.
  warnings.warn(
INFO:     Started server process [36790]
INFO:     Waiting for application startup.
INFO:     Application startup complete.
